Running: C:\Xilinx\14.7\ISE_DS\ISE\bin\nt64\unwrapped\fuse.exe -intstyle ise -incremental -lib unisims_ver -lib unimacro_ver -lib xilinxcorelib_ver -o C:/Users/JaSzw/OneDrive/Pulpit/ISE/Laby72/Laby7_tb_isim_beh.exe -prj C:/Users/JaSzw/OneDrive/Pulpit/ISE/Laby72/Laby7_tb_beh.prj work.Laby7_tb work.glbl 
ISim P.20131013 (signature 0x7708f090)
Number of CPUs detected in this system: 4
Turning on mult-threading, number of parallel sub-compilation jobs: 8 
Determining compilation order of HDL files
Analyzing Verilog file "C:/Users/JaSzw/OneDrive/Pulpit/ISE/Laby72/Modul_lab7.v" into library work
WARNING:HDLCompiler:751 - "C:/Users/JaSzw/OneDrive/Pulpit/ISE/Laby72/Modul_lab7.v" Line 27: Redeclaration of ansi port y is not allowed
Analyzing Verilog file "C:/Users/JaSzw/OneDrive/Pulpit/ISE/Laby72/Laby7_tb.v" into library work
Analyzing Verilog file "C:/Xilinx/14.7/ISE_DS/ISE//verilog/src/glbl.v" into library work
Starting static elaboration
Completed static elaboration
Compiling module Modul_lab7
Compiling module Laby7_tb
Compiling module glbl
Time Resolution for simulation is 1ps.
Waiting for 1 sub-compilation(s) to finish...
Compiled 3 Verilog Units
Built simulation executable C:/Users/JaSzw/OneDrive/Pulpit/ISE/Laby72/Laby7_tb_isim_beh.exe
Fuse Memory Usage: 28252 KB
Fuse CPU Usage: 405 ms
