Release 14.7 - xst P.20131013 (nt64)
Copyright (c) 1995-2013 Xilinx, Inc.  All rights reserved.
--> Parameter TMPDIR set to xst/projnav.tmp


Total REAL time to Xst completion: 0.00 secs
Total CPU time to Xst completion: 0.15 secs
 
--> Parameter xsthdpdir set to xst


Total REAL time to Xst completion: 0.00 secs
Total CPU time to Xst completion: 0.16 secs
 
--> Reading design: Laby12.prj

TABLE OF CONTENTS
  1) Synthesis Options Summary
  2) HDL Compilation
  3) Design Hierarchy Analysis
  4) HDL Analysis
  5) HDL Synthesis
     5.1) HDL Synthesis Report
  6) Advanced HDL Synthesis
     6.1) Advanced HDL Synthesis Report
  7) Low Level Synthesis
  8) Partition Report
  9) Final Report
	9.1) Device utilization summary
	9.2) Partition Resource Summary
	9.3) TIMING REPORT


=========================================================================
*                      Synthesis Options Summary                        *
=========================================================================
---- Source Parameters
Input File Name                    : "Laby12.prj"
Input Format                       : mixed
Ignore Synthesis Constraint File   : NO

---- Target Parameters
Output File Name                   : "Laby12"
Output Format                      : NGC
Target Device                      : xc3s500e-4-fg320

---- Source Options
Top Module Name                    : Laby12
Automatic FSM Extraction           : YES
FSM Encoding Algorithm             : Auto
Safe Implementation                : No
FSM Style                          : LUT
RAM Extraction                     : Yes
RAM Style                          : Auto
ROM Extraction                     : Yes
Mux Style                          : Auto
Decoder Extraction                 : YES
Priority Encoder Extraction        : Yes
Shift Register Extraction          : YES
Logical Shifter Extraction         : YES
XOR Collapsing                     : YES
ROM Style                          : Auto
Mux Extraction                     : Yes
Resource Sharing                   : YES
Asynchronous To Synchronous        : NO
Multiplier Style                   : Auto
Automatic Register Balancing       : No

---- Target Options
Add IO Buffers                     : YES
Global Maximum Fanout              : 100000
Add Generic Clock Buffer(BUFG)     : 24
Register Duplication               : YES
Slice Packing                      : YES
Optimize Instantiated Primitives   : NO
Use Clock Enable                   : Yes
Use Synchronous Set                : Yes
Use Synchronous Reset              : Yes
Pack IO Registers into IOBs        : Auto
Equivalent register Removal        : YES

---- General Options
Optimization Goal                  : Speed
Optimization Effort                : 1
Keep Hierarchy                     : No
Netlist Hierarchy                  : As_Optimized
RTL Output                         : Yes
Global Optimization                : AllClockNets
Read Cores                         : YES
Write Timing Constraints           : NO
Cross Clock Analysis               : NO
Hierarchy Separator                : /
Bus Delimiter                      : <>
Case Specifier                     : Maintain
Slice Utilization Ratio            : 100
BRAM Utilization Ratio             : 100
Verilog 2001                       : YES
Auto BRAM Packing                  : NO
Slice Utilization Ratio Delta      : 5

=========================================================================


=========================================================================
*                          HDL Compilation                              *
=========================================================================
Compiling verilog file "Laby12.v" in library work
Module <Laby12> compiled
No errors in compilation
Analysis of file <"Laby12.prj"> succeeded.
 

=========================================================================
*                     Design Hierarchy Analysis                         *
=========================================================================
Analyzing hierarchy for module <Laby12> in library <work>.


=========================================================================
*                            HDL Analysis                               *
=========================================================================
Analyzing top module <Laby12>.
Module <Laby12> is correct for synthesis.
 

=========================================================================
*                           HDL Synthesis                               *
=========================================================================

Performing bidirectional port resolution...

Synthesizing Unit <Laby12>.
    Related source file is "Laby12.v".
    Found 4x23-bit ROM for signal <rNUMSTAN$rom0000>.
    Found 23-bit adder for signal <old_rCNT_1$add0000> created at line 41.
    Found 21-bit adder for signal <old_rCNT_S_4$add0000> created at line 65.
    Found 2-bit adder for signal <old_rUCNT_2$add0000> created at line 52.
    Found 23-bit up counter for signal <rCNT>.
    Found 21-bit up counter for signal <rCNT_S>.
    Found 21-bit comparator equal for signal <rCNT_S$cmp_eq0000> created at line 66.
    Found 2-bit up counter for signal <rNUMSTAN>.
    Found 2-bit comparator greatequal for signal <rNUMSTAN$cmp_ge0000> created at line 53.
    Found 1-bit register for signal <rSIG>.
    Found 1-bit register for signal <rSOUND>.
    Found 21-bit comparator not equal for signal <rSOUND$cmp_ne0000> created at line 66.
    Found 1-bit register for signal <rTYM>.
    Found 2-bit up counter for signal <rUCNT>.
    Found 2-bit comparator greatequal for signal <rUCNT$cmp_ge0000> created at line 53.
    Summary:
	inferred   1 ROM(s).
	inferred   4 Counter(s).
	inferred   3 D-type flip-flop(s).
	inferred   3 Adder/Subtractor(s).
	inferred   4 Comparator(s).
Unit <Laby12> synthesized.


=========================================================================
HDL Synthesis Report

Macro Statistics
# ROMs                                                 : 1
 4x23-bit ROM                                          : 1
# Adders/Subtractors                                   : 3
 2-bit adder                                           : 1
 21-bit adder                                          : 1
 23-bit adder                                          : 1
# Counters                                             : 4
 2-bit up counter                                      : 2
 21-bit up counter                                     : 1
 23-bit up counter                                     : 1
# Registers                                            : 3
 1-bit register                                        : 3
# Comparators                                          : 4
 2-bit comparator greatequal                           : 2
 21-bit comparator equal                               : 1
 21-bit comparator not equal                           : 1

=========================================================================

=========================================================================
*                       Advanced HDL Synthesis                          *
=========================================================================


=========================================================================
Advanced HDL Synthesis Report

Macro Statistics
# ROMs                                                 : 1
 4x23-bit ROM                                          : 1
# Adders/Subtractors                                   : 3
 2-bit adder                                           : 1
 21-bit adder                                          : 1
 23-bit adder                                          : 1
# Counters                                             : 4
 2-bit up counter                                      : 2
 21-bit up counter                                     : 1
 23-bit up counter                                     : 1
# Registers                                            : 3
 Flip-Flops                                            : 3
# Comparators                                          : 4
 2-bit comparator greatequal                           : 2
 21-bit comparator equal                               : 1
 21-bit comparator not equal                           : 1

=========================================================================

=========================================================================
*                         Low Level Synthesis                           *
=========================================================================

Optimizing unit <Laby12> ...

Mapping all equations...
Building and optimizing final netlist ...
Found area constraint ratio of 100 (+ 5) on block Laby12, actual ratio is 1.

Final Macro Processing ...

=========================================================================
Final Register Report

Macro Statistics
# Registers                                            : 51
 Flip-Flops                                            : 51

=========================================================================

=========================================================================
*                           Partition Report                            *
=========================================================================

Partition Implementation Status
-------------------------------

  No Partitions were found in this design.

-------------------------------

=========================================================================
*                            Final Report                               *
=========================================================================
Final Results
RTL Top Level Output File Name     : Laby12.ngr
Top Level Output File Name         : Laby12
Output Format                      : NGC
Optimization Goal                  : Speed
Keep Hierarchy                     : No

Design Statistics
# IOs                              : 2

Cell Usage :
# BELS                             : 302
#      GND                         : 1
#      INV                         : 9
#      LUT1                        : 84
#      LUT2                        : 6
#      LUT3                        : 2
#      LUT4                        : 13
#      MUXCY                       : 98
#      VCC                         : 1
#      XORCY                       : 88
# FlipFlops/Latches                : 51
#      FDE                         : 4
#      FDE_1                       : 1
#      FDR                         : 25
#      FDRE                        : 21
# Clock Buffers                    : 1
#      BUFGP                       : 1
# IO Buffers                       : 1
#      OBUF                        : 1
=========================================================================

Device utilization summary:
---------------------------

Selected Device : 3s500efg320-4 

 Number of Slices:                       75  out of   4656     1%  
 Number of Slice Flip Flops:             51  out of   9312     0%  
 Number of 4 input LUTs:                114  out of   9312     1%  
 Number of IOs:                           2
 Number of bonded IOBs:                   2  out of    232     0%  
 Number of GCLKs:                         1  out of     24     4%  

---------------------------
Partition Resource Summary:
---------------------------

  No Partitions were found in this design.

---------------------------


=========================================================================
TIMING REPORT

NOTE: THESE TIMING NUMBERS ARE ONLY A SYNTHESIS ESTIMATE.
      FOR ACCURATE TIMING INFORMATION PLEASE REFER TO THE TRACE REPORT
      GENERATED AFTER PLACE-and-ROUTE.

Clock Information:
------------------
-----------------------------------+------------------------+-------+
Clock Signal                       | Clock buffer(FF name)  | Load  |
-----------------------------------+------------------------+-------+
iCLK                               | BUFGP                  | 46    |
rTYM                               | NONE(rSIG)             | 5     |
-----------------------------------+------------------------+-------+
INFO:Xst:2169 - HDL ADVISOR - Some clock signals were not automatically buffered by XST with BUFG/BUFR resources. Please use the buffer_type constraint in order to insert these buffers to the clock signals to help prevent skew problems.

Asynchronous Control Signals Information:
----------------------------------------
No asynchronous control signals found in this design

Timing Summary:
---------------
Speed Grade: -4

   Minimum period: 9.856ns (Maximum Frequency: 101.461MHz)
   Minimum input arrival time before clock: No path found
   Maximum output required time after clock: 4.310ns
   Maximum combinational path delay: No path found

Timing Detail:
--------------
All values displayed in nanoseconds (ns)

=========================================================================
Timing constraint: Default period analysis for Clock 'iCLK'
  Clock period: 9.856ns (frequency: 101.461MHz)
  Total number of paths / destination ports: 12215 / 92
-------------------------------------------------------------------------
Delay:               9.856ns (Levels of Logic = 27)
  Source:            rCNT_S_1 (FF)
  Destination:       rCNT_S_0 (FF)
  Source Clock:      iCLK rising
  Destination Clock: iCLK rising

  Data Path: rCNT_S_1 to rCNT_S_0
                                Gate     Net
    Cell:in->out      fanout   Delay   Delay  Logical Name (Net Name)
    ----------------------------------------  ------------
     FDRE:C->Q             2   0.591   0.622  rCNT_S_1 (rCNT_S_1)
     LUT1:I0->O            1   0.704   0.000  Madd_old_rCNT_S_4_add0000_cy<1>_rt (Madd_old_rCNT_S_4_add0000_cy<1>_rt)
     MUXCY:S->O            1   0.464   0.000  Madd_old_rCNT_S_4_add0000_cy<1> (Madd_old_rCNT_S_4_add0000_cy<1>)
     MUXCY:CI->O           1   0.059   0.000  Madd_old_rCNT_S_4_add0000_cy<2> (Madd_old_rCNT_S_4_add0000_cy<2>)
     MUXCY:CI->O           1   0.059   0.000  Madd_old_rCNT_S_4_add0000_cy<3> (Madd_old_rCNT_S_4_add0000_cy<3>)
     MUXCY:CI->O           1   0.059   0.000  Madd_old_rCNT_S_4_add0000_cy<4> (Madd_old_rCNT_S_4_add0000_cy<4>)
     MUXCY:CI->O           1   0.059   0.000  Madd_old_rCNT_S_4_add0000_cy<5> (Madd_old_rCNT_S_4_add0000_cy<5>)
     MUXCY:CI->O           1   0.059   0.000  Madd_old_rCNT_S_4_add0000_cy<6> (Madd_old_rCNT_S_4_add0000_cy<6>)
     MUXCY:CI->O           1   0.059   0.000  Madd_old_rCNT_S_4_add0000_cy<7> (Madd_old_rCNT_S_4_add0000_cy<7>)
     MUXCY:CI->O           1   0.059   0.000  Madd_old_rCNT_S_4_add0000_cy<8> (Madd_old_rCNT_S_4_add0000_cy<8>)
     MUXCY:CI->O           1   0.059   0.000  Madd_old_rCNT_S_4_add0000_cy<9> (Madd_old_rCNT_S_4_add0000_cy<9>)
     MUXCY:CI->O           1   0.059   0.000  Madd_old_rCNT_S_4_add0000_cy<10> (Madd_old_rCNT_S_4_add0000_cy<10>)
     MUXCY:CI->O           1   0.059   0.000  Madd_old_rCNT_S_4_add0000_cy<11> (Madd_old_rCNT_S_4_add0000_cy<11>)
     MUXCY:CI->O           1   0.059   0.000  Madd_old_rCNT_S_4_add0000_cy<12> (Madd_old_rCNT_S_4_add0000_cy<12>)
     MUXCY:CI->O           1   0.059   0.000  Madd_old_rCNT_S_4_add0000_cy<13> (Madd_old_rCNT_S_4_add0000_cy<13>)
     MUXCY:CI->O           1   0.059   0.000  Madd_old_rCNT_S_4_add0000_cy<14> (Madd_old_rCNT_S_4_add0000_cy<14>)
     MUXCY:CI->O           1   0.059   0.000  Madd_old_rCNT_S_4_add0000_cy<15> (Madd_old_rCNT_S_4_add0000_cy<15>)
     MUXCY:CI->O           1   0.059   0.000  Madd_old_rCNT_S_4_add0000_cy<16> (Madd_old_rCNT_S_4_add0000_cy<16>)
     MUXCY:CI->O           1   0.059   0.000  Madd_old_rCNT_S_4_add0000_cy<17> (Madd_old_rCNT_S_4_add0000_cy<17>)
     XORCY:CI->O           1   0.804   0.595  Madd_old_rCNT_S_4_add0000_xor<18> (old_rCNT_S_4_add0000<18>)
     LUT3:I0->O            1   0.704   0.000  Mcompar_rCNT_S_cmp_eq0000_lut<2> (Mcompar_rCNT_S_cmp_eq0000_lut<2>)
     MUXCY:S->O            1   0.464   0.000  Mcompar_rCNT_S_cmp_eq0000_cy<2> (Mcompar_rCNT_S_cmp_eq0000_cy<2>)
     MUXCY:CI->O           1   0.059   0.000  Mcompar_rCNT_S_cmp_eq0000_cy<3> (Mcompar_rCNT_S_cmp_eq0000_cy<3>)
     MUXCY:CI->O           1   0.059   0.000  Mcompar_rCNT_S_cmp_eq0000_cy<4> (Mcompar_rCNT_S_cmp_eq0000_cy<4>)
     MUXCY:CI->O           1   0.059   0.000  Mcompar_rCNT_S_cmp_eq0000_cy<5> (Mcompar_rCNT_S_cmp_eq0000_cy<5>)
     MUXCY:CI->O           1   0.059   0.000  Mcompar_rCNT_S_cmp_eq0000_cy<6> (Mcompar_rCNT_S_cmp_eq0000_cy<6>)
     MUXCY:CI->O           2   0.459   0.526  Mcompar_rCNT_S_cmp_eq0000_cy<7> (Mcompar_rCNT_S_cmp_eq0000_cy<7>)
     LUT2:I1->O           21   0.704   1.128  rCNT_S_and00001 (rCNT_S_and0000)
     FDRE:R                    0.911          rCNT_S_0
    ----------------------------------------
    Total                      9.856ns (6.985ns logic, 2.871ns route)
                                       (70.9% logic, 29.1% route)

=========================================================================
Timing constraint: Default period analysis for Clock 'rTYM'
  Clock period: 3.545ns (frequency: 282.087MHz)
  Total number of paths / destination ports: 27 / 10
-------------------------------------------------------------------------
Delay:               3.545ns (Levels of Logic = 1)
  Source:            rUCNT_0 (FF)
  Destination:       rUCNT_0 (FF)
  Source Clock:      rTYM falling
  Destination Clock: rTYM falling

  Data Path: rUCNT_0 to rUCNT_0
                                Gate     Net
    Cell:in->out      fanout   Delay   Delay  Logical Name (Net Name)
    ----------------------------------------  ------------
     FDR:C->Q              3   0.591   0.706  rUCNT_0 (rUCNT_0)
     LUT4:I0->O            5   0.704   0.633  rUCNT_cmp_ge00001 (rUCNT_cmp_ge0000)
     FDR:R                     0.911          rUCNT_0
    ----------------------------------------
    Total                      3.545ns (2.206ns logic, 1.339ns route)
                                       (62.2% logic, 37.8% route)

=========================================================================
Timing constraint: Default OFFSET OUT AFTER for Clock 'iCLK'
  Total number of paths / destination ports: 1 / 1
-------------------------------------------------------------------------
Offset:              4.310ns (Levels of Logic = 1)
  Source:            rSOUND (FF)
  Destination:       oSOUND (PAD)
  Source Clock:      iCLK rising

  Data Path: rSOUND to oSOUND
                                Gate     Net
    Cell:in->out      fanout   Delay   Delay  Logical Name (Net Name)
    ----------------------------------------  ------------
     FDE:C->Q              2   0.591   0.447  rSOUND (rSOUND)
     OBUF:I->O                 3.272          oSOUND_OBUF (oSOUND)
    ----------------------------------------
    Total                      4.310ns (3.863ns logic, 0.447ns route)
                                       (89.6% logic, 10.4% route)

=========================================================================


Total REAL time to Xst completion: 5.00 secs
Total CPU time to Xst completion: 4.62 secs
 
--> 

Total memory usage is 4460316 kilobytes

Number of errors   :    0 (   0 filtered)
Number of warnings :    0 (   0 filtered)
Number of infos    :    1 (   0 filtered)

